
BATTLESTAR	Fri May 13 11:06:17 2016
	Sweep is started by SWEEPER
	Database "C:\USERS\THILO\APPDATA\LOCAL\GS SOFTWARE AG\GS SHOPBUILDER 18 PRO PLUS\DATA\GSSB_DATA.FDB" 
	OIT 89815, OAT 109822, OST 109822, Next 109823


BATTLESTAR	Fri May 13 11:06:17 2016
	Sweep is finished
	Database "C:\USERS\THILO\APPDATA\LOCAL\GS SOFTWARE AG\GS SHOPBUILDER 18 PRO PLUS\DATA\GSSB_DATA.FDB" 
	OIT 109822, OAT 109825, OST 109825, Next 109827


BATTLESTAR	Tue May 17 15:41:46 2016
	Sweep is started by SWEEPER
	Database "C:\USERS\THILO\APPDATA\LOCAL\GS SOFTWARE AG\GS SHOPBUILDER 18 PRO PLUS\DATA\GSSB_DATA.FDB" 
	OIT 112384, OAT 132385, OST 132385, Next 132386


BATTLESTAR	Tue May 17 15:41:46 2016
	Sweep is finished
	Database "C:\USERS\THILO\APPDATA\LOCAL\GS SOFTWARE AG\GS SHOPBUILDER 18 PRO PLUS\DATA\GSSB_DATA.FDB" 
	OIT 132385, OAT 132385, OST 132385, Next 132387


BATTLESTAR	Wed May 18 15:52:13 2016
	Sweep is started by SWEEPER
	Database "C:\USERS\THILO\APPDATA\LOCAL\GS SOFTWARE AG\GS SHOPBUILDER 18 PRO PLUS\DATA\GSSB_DATA.FDB" 
	OIT 132716, OAT 152720, OST 152720, Next 152721


BATTLESTAR	Wed May 18 15:52:13 2016
	Sweep is finished
	Database "C:\USERS\THILO\APPDATA\LOCAL\GS SOFTWARE AG\GS SHOPBUILDER 18 PRO PLUS\DATA\GSSB_DATA.FDB" 
	OIT 152719, OAT 152723, OST 152723, Next 152724


BATTLESTAR	Thu May 19 11:52:16 2016
	Sweep is started by SWEEPER
	Database "C:\USERS\THILO\APPDATA\LOCAL\GS SOFTWARE AG\GS SHOPBUILDER 18 PRO PLUS\DATA\GSSB_DATA.FDB" 
	OIT 153850, OAT 173851, OST 173851, Next 173852


BATTLESTAR	Thu May 19 11:52:16 2016
	Sweep is finished
	Database "C:\USERS\THILO\APPDATA\LOCAL\GS SOFTWARE AG\GS SHOPBUILDER 18 PRO PLUS\DATA\GSSB_DATA.FDB" 
	OIT 173851, OAT 173853, OST 173853, Next 173855


BATTLESTAR	Thu May 19 12:02:17 2016
	Database: C:\DEVELOPMENT\DELPHI\GSSB18\DEV\ADDITIONAL\DATA\GSSB_DATA.FDB
	lock manager error
	inconsistent lock table version


BATTLESTAR	Thu May 19 12:11:07 2016
	Sweep is started by SWEEPER
	Database "C:\USERS\THILO\APPDATA\LOCAL\GS SOFTWARE AG\GS SHOPBUILDER 18 PRO PLUS\DATA\GSSB_DATA.FDB" 
	OIT 89815, OAT 109816, OST 109816, Next 109817


BATTLESTAR	Thu May 19 12:11:07 2016
	Sweep is finished
	Database "C:\USERS\THILO\APPDATA\LOCAL\GS SOFTWARE AG\GS SHOPBUILDER 18 PRO PLUS\DATA\GSSB_DATA.FDB" 
	OIT 109816, OAT 109820, OST 109820, Next 109821


BATTLESTAR	Fri May 20 12:35:45 2016
	Sweep is started by SWEEPER
	Database "C:\USERS\THILO\APPDATA\LOCAL\GS SOFTWARE AG\GS SHOPBUILDER 18 PRO PLUS\DATA\GSSB_DATA.FDB" 
	OIT 148084, OAT 168085, OST 168085, Next 168086


BATTLESTAR	Fri May 20 12:35:45 2016
	Sweep is finished
	Database "C:\USERS\THILO\APPDATA\LOCAL\GS SOFTWARE AG\GS SHOPBUILDER 18 PRO PLUS\DATA\GSSB_DATA.FDB" 
	OIT 168085, OAT 168086, OST 168086, Next 168088


BATTLESTAR	Fri May 20 15:22:24 2016
	Database: C:\USERS\THILO\APPDATA\LOCAL\GS SOFTWARE AG\GS SHOPBUILDER 18 PRO PLUS\DATA\GSSB_DATA.FDB
	lock manager error
	inconsistent lock table version


BATTLESTAR	Fri May 20 15:23:04 2016
	Database: C:\USERS\THILO\APPDATA\LOCAL\GS SOFTWARE AG\GS SHOPBUILDER 18 PRO PLUS\DATA\GSSB_DATA.FDB
	lock manager error
	inconsistent lock table version


BATTLESTAR	Mon May 23 10:10:17 2016
	Sweep is started by SWEEPER
	Database "C:\USERS\THILO\APPDATA\LOCAL\GS SOFTWARE AG\GS SHOPBUILDER 18 PRO PLUS\DATA\GSSB_DATA.FDB" 
	OIT 168857, OAT 188864, OST 188864, Next 188865


BATTLESTAR	Mon May 23 10:10:17 2016
	Sweep is finished
	Database "C:\USERS\THILO\APPDATA\LOCAL\GS SOFTWARE AG\GS SHOPBUILDER 18 PRO PLUS\DATA\GSSB_DATA.FDB" 
	OIT 188864, OAT 188868, OST 188868, Next 188869


BATTLESTAR	Tue May 24 09:37:51 2016
	Sweep is started by SWEEPER
	Database "C:\USERS\THILO\APPDATA\LOCAL\GS SOFTWARE AG\GS SHOPBUILDER 18 PRO PLUS\DATA\GSSB_DATA.FDB" 
	OIT 189747, OAT 209748, OST 209748, Next 209749


BATTLESTAR	Tue May 24 09:37:51 2016
	Sweep is finished
	Database "C:\USERS\THILO\APPDATA\LOCAL\GS SOFTWARE AG\GS SHOPBUILDER 18 PRO PLUS\DATA\GSSB_DATA.FDB" 
	OIT 209748, OAT 209749, OST 209749, Next 209751


BATTLESTAR	Tue May 24 12:57:12 2016
	Sweep is started by SWEEPER
	Database "C:\USERS\THILO\APPDATA\LOCAL\GS SOFTWARE AG\GS SHOPBUILDER 18 PRO PLUS\DATA\GSSB_DATA.FDB" 
	OIT 211481, OAT 231485, OST 231485, Next 231486


BATTLESTAR	Tue May 24 12:57:12 2016
	Sweep is finished
	Database "C:\USERS\THILO\APPDATA\LOCAL\GS SOFTWARE AG\GS SHOPBUILDER 18 PRO PLUS\DATA\GSSB_DATA.FDB" 
	OIT 231484, OAT 231494, OST 231494, Next 231495


BATTLESTAR	Tue May 24 13:54:59 2016
	Sweep is started by SWEEPER
	Database "C:\USERS\THILO\APPDATA\LOCAL\GS SOFTWARE AG\GS SHOPBUILDER 18 PRO PLUS\DATA\GSSB_DATA.FDB" 
	OIT 211481, OAT 231482, OST 231482, Next 231483


BATTLESTAR	Tue May 24 13:54:59 2016
	Sweep is finished
	Database "C:\USERS\THILO\APPDATA\LOCAL\GS SOFTWARE AG\GS SHOPBUILDER 18 PRO PLUS\DATA\GSSB_DATA.FDB" 
	OIT 231482, OAT 231492, OST 231492, Next 231493


BATTLESTAR	Tue May 24 14:17:14 2016
	Sweep is started by SWEEPER
	Database "C:\USERS\THILO\APPDATA\LOCAL\GS SOFTWARE AG\GS SHOPBUILDER 18 PRO PLUS\DATA\GSSB_DATA.FDB" 
	OIT 234058, OAT 254061, OST 254061, Next 254062


BATTLESTAR	Tue May 24 14:17:14 2016
	Sweep is finished
	Database "C:\USERS\THILO\APPDATA\LOCAL\GS SOFTWARE AG\GS SHOPBUILDER 18 PRO PLUS\DATA\GSSB_DATA.FDB" 
	OIT 254061, OAT 254063, OST 254063, Next 254065


BATTLESTAR	Tue May 24 15:55:38 2016
	Sweep is started by SWEEPER
	Database "C:\USERS\THILO\APPDATA\LOCAL\GS SOFTWARE AG\GS SHOPBUILDER 18 PRO PLUS\DATA\GSSB_DATA.FDB" 
	OIT 256639, OAT 276641, OST 276641, Next 276642


BATTLESTAR	Tue May 24 15:55:38 2016
	Sweep is finished
	Database "C:\USERS\THILO\APPDATA\LOCAL\GS SOFTWARE AG\GS SHOPBUILDER 18 PRO PLUS\DATA\GSSB_DATA.FDB" 
	OIT 276641, OAT 276645, OST 276645, Next 276646


BATTLESTAR	Tue May 24 16:15:28 2016
	Sweep is started by SWEEPER
	Database "C:\USERS\THILO\APPDATA\LOCAL\GS SOFTWARE AG\GS SHOPBUILDER 18 PRO PLUS\DATA\GSSB_DATA.FDB" 
	OIT 277721, OAT 297725, OST 297725, Next 297726


BATTLESTAR	Tue May 24 16:15:28 2016
	Sweep is finished
	Database "C:\USERS\THILO\APPDATA\LOCAL\GS SOFTWARE AG\GS SHOPBUILDER 18 PRO PLUS\DATA\GSSB_DATA.FDB" 
	OIT 297725, OAT 297729, OST 297729, Next 297730


BATTLESTAR	Mon Jun 13 11:02:20 2016
	Sweep is started by SWEEPER
	Database "C:\USERS\THILO\APPDATA\LOCAL\GS SOFTWARE AG\GS SHOPBUILDER 18 PRO PLUS\DATA\GSSB_DATA.FDB" 
	OIT 525988, OAT 545991, OST 545991, Next 545992


BATTLESTAR	Mon Jun 13 11:02:20 2016
	Sweep is finished
	Database "C:\USERS\THILO\APPDATA\LOCAL\GS SOFTWARE AG\GS SHOPBUILDER 18 PRO PLUS\DATA\GSSB_DATA.FDB" 
	OIT 545991, OAT 545997, OST 545997, Next 545998


ENTWICKLER-PC	Thu Jun 16 10:52:33 2016
	Sweep is started by SWEEPER
	Database "C:\USERS\ENTWICKLER\APPDATA\LOCAL\GS SOFTWARE AG\GS SHOPBUILDER 18 PRO PLUS\DATA\GSSB_DATA.FDB" 
	OIT 345563, OAT 365564, OST 365564, Next 365565


ENTWICKLER-PC	Thu Jun 16 10:52:33 2016
	Sweep is finished
	Database "C:\USERS\ENTWICKLER\APPDATA\LOCAL\GS SOFTWARE AG\GS SHOPBUILDER 18 PRO PLUS\DATA\GSSB_DATA.FDB" 
	OIT 365564, OAT 365573, OST 365573, Next 365574


ENTWICKLER-PC	Mon Jun 20 17:05:27 2016
	Sweep is started by SWEEPER
	Database "C:\USERS\ENTWICKLER\APPDATA\LOCAL\GS SOFTWARE AG\GS SHOPBUILDER 18 PRO PLUS\DATA\GSSB_DATA.FDB" 
	OIT 215038, OAT 235038, OST 235038, Next 235039


ENTWICKLER-PC	Mon Jun 20 17:05:27 2016
	Sweep is finished
	Database "C:\USERS\ENTWICKLER\APPDATA\LOCAL\GS SOFTWARE AG\GS SHOPBUILDER 18 PRO PLUS\DATA\GSSB_DATA.FDB" 
	OIT 235038, OAT 235053, OST 235053, Next 235054


ENTWICKLER-PC	Fri Oct 14 15:41:03 2016
	Sweep is started by SWEEPER
	Database "C:\PROGRAMDATA\GS SOFTWARE AG\GS SHOPBUILDER 18 PRO PLUS\DATA\GSSB_DATA.FDB" 
	OIT 1419005, OAT 1439005, OST 1439005, Next 1439006


ENTWICKLER-PC	Fri Oct 14 15:41:03 2016
	Sweep is finished
	Database "C:\PROGRAMDATA\GS SOFTWARE AG\GS SHOPBUILDER 18 PRO PLUS\DATA\GSSB_DATA.FDB" 
	OIT 1439005, OAT 1439018, OST 1439018, Next 1439019


ENTWICKLER-PC	Mon Oct 17 16:53:03 2016
	Sweep is started by SWEEPER
	Database "C:\PROGRAMDATA\GS SOFTWARE AG\GS SHOPBUILDER 18 PRO PLUS\DATA\GSSB_DATA.FDB" 
	OIT 1440090, OAT 1460091, OST 1460091, Next 1460092


ENTWICKLER-PC	Mon Oct 17 16:53:03 2016
	Sweep is finished
	Database "C:\PROGRAMDATA\GS SOFTWARE AG\GS SHOPBUILDER 18 PRO PLUS\DATA\GSSB_DATA.FDB" 
	OIT 1460091, OAT 1460105, OST 1460105, Next 1460106


ENTWICKLER-PC	Mon Mar 06 14:32:33 2017
	Sweep is started by SWEEPER
	Database "C:\USERS\ENTWICKLER\APPDATA\LOCAL\GS SOFTWARE AG\GS SHOPBUILDER 18 PRO PLUS\SHOP01\DATA\GSSB_DATA.FDB" 
	OIT 302266, OAT 322268, OST 322268, Next 322269


ENTWICKLER-PC	Mon Mar 06 14:32:33 2017
	Sweep is finished
	Database "C:\USERS\ENTWICKLER\APPDATA\LOCAL\GS SOFTWARE AG\GS SHOPBUILDER 18 PRO PLUS\SHOP01\DATA\GSSB_DATA.FDB" 
	OIT 322267, OAT 322354, OST 322354, Next 322355


ENTWICKLER-PC	Tue Mar 14 13:58:38 2017
	Sweep is started by SWEEPER
	Database "C:\USERS\ENTWICKLER\APPDATA\LOCAL\GS SOFTWARE AG\GS SHOPBUILDER 18 PRO PLUS\SHOP07\DATA\GSSB_DATA.FDB" 
	OIT 85268, OAT 105268, OST 105268, Next 105269


ENTWICKLER-PC	Tue Mar 14 13:58:38 2017
	Sweep is finished
	Database "C:\USERS\ENTWICKLER\APPDATA\LOCAL\GS SOFTWARE AG\GS SHOPBUILDER 18 PRO PLUS\SHOP07\DATA\GSSB_DATA.FDB" 
	OIT 105268, OAT 105272, OST 105272, Next 105273


ENTWICKLER-PC	Tue Mar 14 16:48:03 2017
	Sweep is started by SWEEPER
	Database "C:\USERS\ENTWICKLER\APPDATA\LOCAL\GS SOFTWARE AG\GS SHOPBUILDER 18 PRO PLUS\SHOP07\DATA\GSSB_DATA.FDB" 
	OIT 107536, OAT 127537, OST 127537, Next 127538


ENTWICKLER-PC	Tue Mar 14 16:48:03 2017
	Sweep is finished
	Database "C:\USERS\ENTWICKLER\APPDATA\LOCAL\GS SOFTWARE AG\GS SHOPBUILDER 18 PRO PLUS\SHOP07\DATA\GSSB_DATA.FDB" 
	OIT 127537, OAT 127537, OST 127537, Next 127539


ENTWICKLER-PC	Wed Mar 15 15:03:25 2017
	Database: C:\USERS\ENTWICKLER\APPDATA\LOCAL\GS SOFTWARE AG\GS SHOPBUILDER 18 PRO PLUS\SHOP05\DATA\GSSB_DATA.FDB
	lock manager error
	inconsistent lock table version


ENTWICKLER-PC	Thu Mar 16 12:01:43 2017
	Sweep is started by SWEEPER
	Database "C:\USERS\ENTWICKLER\APPDATA\LOCAL\GS SOFTWARE AG\GS SHOPBUILDER 18 PRO PLUS\SHOP05\DATA\GSSB_DATA.FDB" 
	OIT 44602, OAT 64603, OST 64603, Next 64604


ENTWICKLER-PC	Thu Mar 16 12:01:43 2017
	Sweep is finished
	Database "C:\USERS\ENTWICKLER\APPDATA\LOCAL\GS SOFTWARE AG\GS SHOPBUILDER 18 PRO PLUS\SHOP05\DATA\GSSB_DATA.FDB" 
	OIT 64603, OAT 64604, OST 64604, Next 64606


ENTWICKLER-PC	Thu Mar 16 16:42:18 2017
	Database: C:\USERS\ENTWICKLER\APPDATA\LOCAL\GS SOFTWARE AG\GS SHOPBUILDER 18 PRO PLUS\SHOP05\DATA\GSSB_DATA.FDB
	lock manager error
	inconsistent lock table version


ENTWICKLER-PC	Wed May 03 15:21:17 2017
	Sweep is started by SWEEPER
	Database "C:\USERS\ENTWICKLER\APPDATA\LOCAL\GS SOFTWARE AG\GS SHOPBUILDER 18 PRO PLUS\SHOP10\DATA\GSSB_DATA.FDB" 
	OIT 64203, OAT 84204, OST 84204, Next 84205


ENTWICKLER-PC	Wed May 03 15:21:18 2017
	Sweep is finished
	Database "C:\USERS\ENTWICKLER\APPDATA\LOCAL\GS SOFTWARE AG\GS SHOPBUILDER 18 PRO PLUS\SHOP10\DATA\GSSB_DATA.FDB" 
	OIT 84204, OAT 84232, OST 84232, Next 84233


ENTWICKLER-PC	Thu May 04 09:11:01 2017
	Sweep is started by SWEEPER
	Database "C:\USERS\ENTWICKLER\APPDATA\LOCAL\GS SOFTWARE AG\GS SHOPBUILDER 18 PRO PLUS\SHOP10\DATA\GSSB_DATA.FDB" 
	OIT 117027, OAT 137029, OST 137029, Next 137030


ENTWICKLER-PC	Thu May 04 09:11:01 2017
	Sweep is finished
	Database "C:\USERS\ENTWICKLER\APPDATA\LOCAL\GS SOFTWARE AG\GS SHOPBUILDER 18 PRO PLUS\SHOP10\DATA\GSSB_DATA.FDB" 
	OIT 137028, OAT 137060, OST 137060, Next 137061


ENTWICKLER-PC	Thu May 04 09:13:46 2017
	Sweep is started by SWEEPER
	Database "C:\USERS\ENTWICKLER\APPDATA\LOCAL\GS SOFTWARE AG\GS SHOPBUILDER 18 PRO PLUS\SHOP10\DATA\GSSB_DATA.FDB" 
	OIT 141096, OAT 161097, OST 161097, Next 161098


ENTWICKLER-PC	Thu May 04 09:13:46 2017
	Sweep is finished
	Database "C:\USERS\ENTWICKLER\APPDATA\LOCAL\GS SOFTWARE AG\GS SHOPBUILDER 18 PRO PLUS\SHOP10\DATA\GSSB_DATA.FDB" 
	OIT 161097, OAT 161104, OST 161104, Next 161105


BATTLESTAR	Wed Jun 21 11:16:11 2017
	Sweep is started by SWEEPER
	Database "C:\USERS\THILO\APPDATA\LOCAL\GS SOFTWARE AG\GS SHOPBUILDER 19 PRO PLUS\SHOP01\DATA\GSSB_DATA.FDB" 
	OIT 1022, OAT 21024, OST 21024, Next 21025


BATTLESTAR	Wed Jun 21 11:16:11 2017
	Sweep is finished
	Database "C:\USERS\THILO\APPDATA\LOCAL\GS SOFTWARE AG\GS SHOPBUILDER 19 PRO PLUS\SHOP01\DATA\GSSB_DATA.FDB" 
	OIT 21023, OAT 21036, OST 21036, Next 21037


BATTLESTAR	Thu Aug 17 14:05:06 2017
	Sweep is started by SWEEPER
	Database "C:\USERS\THILO\APPDATA\LOCAL\GS SOFTWARE AG\GS SHOPBUILDER 19 PRO - [1BLU EDITION]\SHOP01\DATA\GSSB_DATA.FDB" 
	OIT 1305, OAT 21306, OST 21306, Next 21307


BATTLESTAR	Thu Aug 17 14:05:06 2017
	Sweep is finished
	Database "C:\USERS\THILO\APPDATA\LOCAL\GS SOFTWARE AG\GS SHOPBUILDER 19 PRO - [1BLU EDITION]\SHOP01\DATA\GSSB_DATA.FDB" 
	OIT 21306, OAT 21317, OST 21317, Next 21318


ENTWICKLER-PC	Tue Aug 27 09:54:06 2019
	Sweep is started by SWEEPER
	Database "C:\PROGRAMDATA\GS SOFTWARE AG\GS SHOPBUILDER 19 PRO\SHOP06\DATA\GSSB_DATA.FDB" 
	OIT 8447, OAT 28450, OST 28450, Next 28451


ENTWICKLER-PC	Tue Aug 27 09:54:06 2019
	Sweep is finished
	Database "C:\PROGRAMDATA\GS SOFTWARE AG\GS SHOPBUILDER 19 PRO\SHOP06\DATA\GSSB_DATA.FDB" 
	OIT 28450, OAT 28470, OST 28470, Next 28471


ENTWICKLER-PC	Fri May 08 11:45:46 2020
	Database: C:\PROGRAMDATA\GS SOFTWARE AG\GS SHOPBUILDER 19 PRO\SHOP01\DATA\GSSB_DATA.FDB
	lock manager error
	inconsistent lock table version


ENTWICKLER-PC	Tue May 12 09:14:54 2020
	Sweep is started by SWEEPER
	Database "C:\PROGRAMDATA\GS SOFTWARE AG\GS SHOPBUILDER 19 PRO\SHOP01\DATA\GSSB_DATA.FDB" 
	OIT 389446, OAT 409447, OST 409447, Next 409448


ENTWICKLER-PC	Tue May 12 09:14:55 2020
	Sweep is finished
	Database "C:\PROGRAMDATA\GS SOFTWARE AG\GS SHOPBUILDER 19 PRO\SHOP01\DATA\GSSB_DATA.FDB" 
	OIT 409446, OAT 409447, OST 409447, Next 409449


ENTWICKLER-PC	Wed Jun 03 16:38:20 2020
	Sweep is started by SWEEPER
	Database "C:\PROGRAMDATA\GS SOFTWARE AG\GS SHOPBUILDER 19 PRO\SHOP01\DATA\GSSB_DATA.FDB" 
	OIT 421064, OAT 441065, OST 441065, Next 441066


ENTWICKLER-PC	Wed Jun 03 16:38:20 2020
	Sweep is finished
	Database "C:\PROGRAMDATA\GS SOFTWARE AG\GS SHOPBUILDER 19 PRO\SHOP01\DATA\GSSB_DATA.FDB" 
	OIT 441065, OAT 441071, OST 441071, Next 441072


ENTWICKLER-PC	Wed Jun 10 11:09:31 2020
	Sweep is started by SWEEPER
	Database "C:\PROGRAMDATA\GS SOFTWARE AG\GS SHOPBUILDER 19 PRO\SHOP08\DATA\GSSB_DATA.FDB" 
	OIT 2058, OAT 22061, OST 22061, Next 22062


ENTWICKLER-PC	Wed Jun 10 11:09:31 2020
	Sweep is finished
	Database "C:\PROGRAMDATA\GS SOFTWARE AG\GS SHOPBUILDER 19 PRO\SHOP08\DATA\GSSB_DATA.FDB" 
	OIT 22061, OAT 22061, OST 22061, Next 22063


ENTWICKLER-PC	Thu Jun 25 17:27:18 2020
	Sweep is started by SWEEPER
	Database "C:\PROGRAMDATA\GS SOFTWARE AG\GS SHOPBUILDER 19 PRO\SHOP09\DATA\GSSB_DATA.FDB" 
	OIT 666665, OAT 686668, OST 686668, Next 686669


ENTWICKLER-PC	Thu Jun 25 17:27:18 2020
	Sweep is finished
	Database "C:\PROGRAMDATA\GS SOFTWARE AG\GS SHOPBUILDER 19 PRO\SHOP09\DATA\GSSB_DATA.FDB" 
	OIT 686667, OAT 686709, OST 686709, Next 686710


ENTWICKLER-PC	Tue Jul 21 15:00:34 2020
	Sweep is started by SWEEPER
	Database "C:\PROGRAMDATA\GS SOFTWARE AG\GS SHOPBUILDER 19 PRO\SHOP02\DATA\GSSB_DATA.FDB" 
	OIT 29066, OAT 49073, OST 49073, Next 49074


ENTWICKLER-PC	Tue Jul 21 15:00:34 2020
	Sweep is finished
	Database "C:\PROGRAMDATA\GS SOFTWARE AG\GS SHOPBUILDER 19 PRO\SHOP02\DATA\GSSB_DATA.FDB" 
	OIT 49074, OAT 49075, OST 49075, Next 49077

